<?xml version="1.0" encoding="UTF-8"?>
<!-- Generated by org.testng.reporters.JUnitReportReporter -->
<testsuite hostname="TWD-17" failures="0" tests="5" name="org.testing.Gittest" time="6.298" errors="0" timestamp="2023-07-13T15:20:42 IST" skipped="0">
  <testcase classname="org.testing.Gittest" name="getUser" time="2.643"/>
  <system-out/>
  <testcase classname="org.testing.Gittest" name="getRepo" time="0.571"/>
  <system-out/>
  <testcase classname="org.testing.Gittest" name="createUser" time="1.740"/>
  <system-out/>
  <testcase classname="org.testing.Gittest" name="updateUser" time="0.658"/>
  <system-out/>
  <testcase classname="org.testing.Gittest" name="deleteUser" time="0.686"/>
  <system-out/>
</testsuite> <!-- org.testing.Gittest -->
