<?xml version="1.0" encoding="UTF-8"?>
<!-- Generated by org.testng.reporters.JUnitReportReporter -->
<testsuite hostname="TWD-17" failures="0" tests="5" name="org.testing.Gittest" time="6.372" errors="0" timestamp="2023-07-19T11:56:28 IST" skipped="0">
  <testcase classname="org.testing.Gittest" name="getUser" time="2.739"/>
  <system-out/>
  <testcase classname="org.testing.Gittest" name="getRepo" time="1.122"/>
  <system-out/>
  <testcase classname="org.testing.Gittest" name="createUser" time="1.193"/>
  <system-out/>
  <testcase classname="org.testing.Gittest" name="updateUser" time="0.568"/>
  <system-out/>
  <testcase classname="org.testing.Gittest" name="deleteUser" time="0.750"/>
  <system-out/>
</testsuite> <!-- org.testing.Gittest -->
